   Command 1 : ¶

   Path : (null)¶

	  Type : BUILTIN

	  Total Args : 0

	  Total redirections : 1

	  Redir[0] : 0 (HERE_DOC)¶

   Command 2 : cat¶

   Path : /usr/bin/cat¶

	  Type : USER COMMAND

	  Total Args : 1

	  Arg[1] : -ne¶

	  Total redirections : 0


-----------------------------------------------
   Command 1 : exit¶

   Path : (null)¶

	  Type : INVALID

	  Total Args : 0

	  Total redirections : 0


-----------------------------------------------
   Command 1 : exit¶

   Path : (null)¶

	  Type : INVALID

	  Total Args : 0

	  Total redirections : 0


-----------------------------------------------
   Command 1 : exit¶

   Path : (null)¶

	  Type : INVALID

	  Total Args : 0

	  Total redirections : 0


-----------------------------------------------
   Command 1 : ./exit¶

   Path : (null)¶

	  Type : INVALID

	  Total Args : 0

	  Total redirections : 0


-----------------------------------------------
